<?xml version="1.0" encoding="UTF-8"?>
<!-- Generated by org.testng.reporters.JUnitXMLReporter -->
<testsuite ignored="0" hostname="PL-IN-PF4G1VW7" failures="0" tests="0" name="Test" time="0.623" errors="0" timestamp="2025-06-08T12:49:06 IST">
  <testcase classname="testbase.BaseClass" name="@AfterClass tierdown" time="0.001">
    <failure type="java.lang.NullPointerException" message="Cannot invoke &amp;quot;org.openqa.selenium.WebDriver.quit()&amp;quot; because &amp;quot;testbase.BaseClass.driver&amp;quot; is null">
      <![CDATA[java.lang.NullPointerException: Cannot invoke "org.openqa.selenium.WebDriver.quit()" because "testbase.BaseClass.driver" is null
at testbase.BaseClass.tierdown(BaseClass.java:117)
at java.base/java.util.ArrayList.forEach(ArrayList.java:1596)
... Removed 24 stack frames]]>
    </failure>
  </testcase> <!-- @AfterClass tierdown -->
</testsuite> <!-- Test -->
