<?xml version="1.0" encoding="UTF-8"?>
<testng-results ignored="0" total="2" passed="2" failed="0" skipped="0">
  <reporter-output>
  </reporter-output>
  <suite started-at="2025-06-09T18:22:22 IST" name=" Suite" finished-at="2025-06-09T18:22:38 IST" duration-ms="15531">
    <groups>
      <group name="Master">
        <method signature="TC01_AccountRegister.verify_account_registration()[pri:0, instance:testCases.TC01_AccountRegister@52bf72b5]" name="verify_account_registration" class="testCases.TC01_AccountRegister"/>
        <method signature="TC02_LoginTest.verifyLoginTest()[pri:0, instance:testCases.TC02_LoginTest@6ae5aa72]" name="verifyLoginTest" class="testCases.TC02_LoginTest"/>
      </group> <!-- Master -->
      <group name="Sanity">
        <method signature="TC02_LoginTest.verifyLoginTest()[pri:0, instance:testCases.TC02_LoginTest@6ae5aa72]" name="verifyLoginTest" class="testCases.TC02_LoginTest"/>
      </group> <!-- Sanity -->
      <group name="Regression">
        <method signature="TC01_AccountRegister.verify_account_registration()[pri:0, instance:testCases.TC01_AccountRegister@52bf72b5]" name="verify_account_registration" class="testCases.TC01_AccountRegister"/>
      </group> <!-- Regression -->
    </groups>
    <test started-at="2025-06-09T18:22:22 IST" name="Test" finished-at="2025-06-09T18:22:38 IST" duration-ms="15531">
      <class name="testCases.TC02_LoginTest">
        <test-method is-config="true" signature="setup(java.lang.String,java.lang.String)[pri:0, instance:testCases.TC02_LoginTest@6ae5aa72]" started-at="2025-06-09T18:22:31 IST" name="setup" finished-at="2025-06-09T18:22:36 IST" duration-ms="5113" status="PASS">
          <params>
            <param index="0">
              <value>
                <![CDATA[windows]]>
              </value>
            </param>
            <param index="1">
              <value>
                <![CDATA[chrome]]>
              </value>
            </param>
          </params>
          <reporter-output>
          </reporter-output>
        </test-method> <!-- setup -->
        <test-method signature="verifyLoginTest()[pri:0, instance:testCases.TC02_LoginTest@6ae5aa72]" started-at="2025-06-09T18:22:36 IST" name="verifyLoginTest" finished-at="2025-06-09T18:22:38 IST" duration-ms="1827" status="PASS">
          <reporter-output>
          </reporter-output>
        </test-method> <!-- verifyLoginTest -->
        <test-method is-config="true" signature="tierdown()[pri:0, instance:testCases.TC02_LoginTest@6ae5aa72]" started-at="2025-06-09T18:22:38 IST" name="tierdown" finished-at="2025-06-09T18:22:38 IST" duration-ms="137" status="PASS">
          <reporter-output>
          </reporter-output>
        </test-method> <!-- tierdown -->
      </class> <!-- testCases.TC02_LoginTest -->
      <class name="testCases.TC01_AccountRegister">
        <test-method is-config="true" signature="setup(java.lang.String,java.lang.String)[pri:0, instance:testCases.TC01_AccountRegister@52bf72b5]" started-at="2025-06-09T18:22:23 IST" name="setup" finished-at="2025-06-09T18:22:28 IST" duration-ms="5907" status="PASS">
          <params>
            <param index="0">
              <value>
                <![CDATA[windows]]>
              </value>
            </param>
            <param index="1">
              <value>
                <![CDATA[chrome]]>
              </value>
            </param>
          </params>
          <reporter-output>
          </reporter-output>
        </test-method> <!-- setup -->
        <test-method signature="verify_account_registration()[pri:0, instance:testCases.TC01_AccountRegister@52bf72b5]" started-at="2025-06-09T18:22:29 IST" name="verify_account_registration" finished-at="2025-06-09T18:22:31 IST" duration-ms="2150" status="PASS">
          <reporter-output>
          </reporter-output>
        </test-method> <!-- verify_account_registration -->
        <test-method is-config="true" signature="tierdown()[pri:0, instance:testCases.TC01_AccountRegister@52bf72b5]" started-at="2025-06-09T18:22:31 IST" name="tierdown" finished-at="2025-06-09T18:22:31 IST" duration-ms="178" status="PASS">
          <reporter-output>
          </reporter-output>
        </test-method> <!-- tierdown -->
      </class> <!-- testCases.TC01_AccountRegister -->
    </test> <!-- Test -->
  </suite> <!--  Suite -->
</testng-results>
